<?xml version="1.0" encoding="UTF-8" ?>
<testsuites>
  <testsuite errors="0" failures="1" hostname="jimenezs-macbook.local" id="0" name="UserTests" package="" tests="4" time="1.643" timestamp="2009-04-17T09:44:24">
      <properties />

      <testcase classname="UserTests" name="testRoomNumberMatchesPattern" time="1.191" />

      <testcase classname="UserTests" name="testRoomNumberDoesNotMatchPattern" time="0.18" />

      <testcase classname="UserTests" name="testWishList" time="0.088" />

      <testcase classname="UserTests" name="testWishListLimit" time="0.184">
          <failure message="expected:&lt;maxSize&gt; but was:&lt;null&gt;" type="junit.framework.ComparisonFailure">junit.framework.ComparisonFailure: expected:&lt;maxSize&gt; but was:&lt;null&gt;
	at UserTests.testWishListLimit(UserTests.groovy:63)
	at _GrailsTest_groovy$_run_closure4.doCall(_GrailsTest_groovy:202)
	at _GrailsTest_groovy$_run_closure2.doCall(_GrailsTest_groovy:146)
	at _GrailsTest_groovy$_run_closure1_closure19.doCall(_GrailsTest_groovy:112)
	at _GrailsTest_groovy$_run_closure1.doCall(_GrailsTest_groovy:95)
	at TestApp$_run_closure1.doCall(TestApp.groovy:66)
	at gant.Gant$_dispatch_closure4.doCall(Gant.groovy:324)
	at gant.Gant$_dispatch_closure6.doCall(Gant.groovy:334)
	at gant.Gant$_dispatch_closure6.doCall(Gant.groovy)
	at gant.Gant.withBuildListeners(Gant.groovy:344)
	at gant.Gant.this$2$withBuildListeners(Gant.groovy)
	at gant.Gant$this$2$withBuildListeners.callCurrent(Unknown Source)
	at gant.Gant.dispatch(Gant.groovy:334)
	at gant.Gant.this$2$dispatch(Gant.groovy)
	at gant.Gant.invokeMethod(Gant.groovy)
	at gant.Gant.processTargets(Gant.groovy:495)
	at gant.Gant.processTargets(Gant.groovy:480)
</failure>

      </testcase>

      <system-out><![CDATA[--Output from testRoomNumberMatchesPattern--
--Output from testRoomNumberDoesNotMatchPattern--
--Output from testWishList--
--Output from testWishListLimit--
org.codehaus.groovy.grails.plugins.testing.GrailsMockErrors: 5 errors
Field error in object 'User' on field 'firstName': rejected value [null]; codes [User.firstName.nullable.error.User.firstName,User.firstName.nullable.error.firstName,User.firstName.nullable.error.java.lang.String,User.firstName.nullable.error,user.firstName.nullable.error.User.firstName,user.firstName.nullable.error.firstName,user.firstName.nullable.error.java.lang.String,user.firstName.nullable.error,User.firstName.nullable.User.firstName,User.firstName.nullable.firstName,User.firstName.nullable.java.lang.String,User.firstName.nullable,user.firstName.nullable.User.firstName,user.firstName.nullable.firstName,user.firstName.nullable.java.lang.String,user.firstName.nullable,nullable.User.firstName,nullable.firstName,nullable.java.lang.String,nullable]; arguments [firstName,class User]; default message [Property [{0}] of class [{1}] cannot be null]
Field error in object 'User' on field 'lastName': rejected value [null]; codes [User.lastName.nullable.error.User.lastName,User.lastName.nullable.error.lastName,User.lastName.nullable.error.java.lang.String,User.lastName.nullable.error,user.lastName.nullable.error.User.lastName,user.lastName.nullable.error.lastName,user.lastName.nullable.error.java.lang.String,user.lastName.nullable.error,User.lastName.nullable.User.lastName,User.lastName.nullable.lastName,User.lastName.nullable.java.lang.String,User.lastName.nullable,user.lastName.nullable.User.lastName,user.lastName.nullable.lastName,user.lastName.nullable.java.lang.String,user.lastName.nullable,nullable.User.lastName,nullable.lastName,nullable.java.lang.String,nullable]; arguments [lastName,class User]; default message [Property [{0}] of class [{1}] cannot be null]
Field error in object 'User' on field 'password': rejected value [null]; codes [User.password.nullable.error.User.password,User.password.nullable.error.password,User.password.nullable.error.java.lang.String,User.password.nullable.error,user.password.nullable.error.User.password,user.password.nullable.error.password,user.password.nullable.error.java.lang.String,user.password.nullable.error,User.password.nullable.User.password,User.password.nullable.password,User.password.nullable.java.lang.String,User.password.nullable,user.password.nullable.User.password,user.password.nullable.password,user.password.nullable.java.lang.String,user.password.nullable,nullable.User.password,nullable.password,nullable.java.lang.String,nullable]; arguments [password,class User]; default message [Property [{0}] of class [{1}] cannot be null]
Field error in object 'User' on field 'roomNumber': rejected value [null]; codes [User.roomNumber.nullable.error.User.roomNumber,User.roomNumber.nullable.error.roomNumber,User.roomNumber.nullable.error.java.lang.String,User.roomNumber.nullable.error,user.roomNumber.nullable.error.User.roomNumber,user.roomNumber.nullable.error.roomNumber,user.roomNumber.nullable.error.java.lang.String,user.roomNumber.nullable.error,User.roomNumber.nullable.User.roomNumber,User.roomNumber.nullable.roomNumber,User.roomNumber.nullable.java.lang.String,User.roomNumber.nullable,user.roomNumber.nullable.User.roomNumber,user.roomNumber.nullable.roomNumber,user.roomNumber.nullable.java.lang.String,user.roomNumber.nullable,nullable.User.roomNumber,nullable.roomNumber,nullable.java.lang.String,nullable]; arguments [roomNumber,class User]; default message [Property [{0}] of class [{1}] cannot be null]
Field error in object 'User' on field 'username': rejected value [null]; codes [User.username.nullable.error.User.username,User.username.nullable.error.username,User.username.nullable.error.java.lang.String,User.username.nullable.error,user.username.nullable.error.User.username,user.username.nullable.error.username,user.username.nullable.error.java.lang.String,user.username.nullable.error,User.username.nullable.User.username,User.username.nullable.username,User.username.nullable.java.lang.String,User.username.nullable,user.username.nullable.User.username,user.username.nullable.username,user.username.nullable.java.lang.String,user.username.nullable,nullable.User.username,nullable.username,nullable.java.lang.String,nullable]; arguments [username,class User]; default message [Property [{0}] of class [{1}] cannot be null]
]]></system-out>

      <system-err><![CDATA[--Output from testRoomNumberMatchesPattern--
--Output from testRoomNumberDoesNotMatchPattern--
--Output from testWishList--
--Output from testWishListLimit--
]]></system-err>

  </testsuite>
</testsuites>
